<?xml version="1.0" encoding="UTF-8"?>
<!-- Generated by org.testng.reporters.JUnitReportReporter -->
<testsuite hostname="Bhavani" name="Aviation" tests="2" failures="0" timestamp="28 Feb 2014 10:08:24 GMT" time="179.004" errors="0">
  <testcase name="maintenancelog" time="14.183" classname="Aviation"/>
  <testcase name="flightLog" time="164.821" classname="Aviation"/>
</testsuite> <!-- Aviation -->
