<?xml version="1.0" encoding="UTF-8"?>
<!-- Generated by org.testng.reporters.JUnitReportReporter -->
<testsuite hostname="Bhavani" name="test.AviationAdmin" tests="1" failures="0" timestamp="3 Mar 2014 13:14:48 GMT" time="17.682" errors="0">
  <testcase name="logout" time="17.682" classname="test.AviationAdmin"/>
</testsuite> <!-- test.AviationAdmin -->
