<?xml version="1.0" encoding="UTF-8"?>
<!-- Generated by org.testng.reporters.JUnitReportReporter -->
<testsuite hostname="Bhavani" name="test.TextPre" tests="1" failures="0" timestamp="3 Mar 2014 11:59:39 GMT" time="31.814" errors="0">
  <testcase name="VerifyText" time="31.814" classname="test.TextPre"/>
</testsuite> <!-- test.TextPre -->
